<?xml version="1.0" encoding="UTF-8"?>
<!-- Generated by org.testng.reporters.JUnitXMLReporter -->
<testsuite ignored="0" hostname="Umair-Boota-3520" failures="0" tests="6" name="Surefire test" time="51.193" errors="0" timestamp="2024-02-05T18:29:05 PKT">
  <testcase classname="tests.LoginTest" name="loginTest" time="11.427"/>
  <testcase classname="tests.LoginTest" name="loginTestInvalid" time="10.191"/>
  <testcase classname="tests.task4Test" name="scenario_one" time="12.113"/>
  <testcase classname="tests.task4Test" name="S1Assertion1" time="0.038"/>
  <testcase classname="tests.task4Test" name="scenario_two" time="11.911"/>
  <testcase classname="tests.task4Test" name="S2Assertion1" time="0.031"/>
</testsuite> <!-- Surefire test -->
