<?xml version="1.0" encoding="UTF-8"?>
<testng-results ignored="0" total="1" passed="1" failed="0" skipped="0">
  <reporter-output>
  </reporter-output>
  <suite started-at="2024-02-21T12:29:12 PKT" name="Default suite" finished-at="2024-02-21T12:29:12 PKT" duration-ms="304">
    <groups>
    </groups>
    <test started-at="2024-02-21T12:29:12 PKT" name="Default test" finished-at="2024-02-21T12:29:12 PKT" duration-ms="304">
      <class name="tests.DBTest">
        <test-method is-config="true" signature="setUpTest()[pri:0, instance:tests.DBTest@6150c3ec]" started-at="2024-02-21T12:29:12 PKT" name="setUpTest" finished-at="2024-02-21T12:29:12 PKT" duration-ms="251" status="PASS">
          <reporter-output>
          </reporter-output>
        </test-method> <!-- setUpTest -->
        <test-method signature="test()[pri:0, instance:tests.DBTest@6150c3ec]" started-at="2024-02-21T12:29:12 PKT" name="test" finished-at="2024-02-21T12:29:12 PKT" duration-ms="27" status="PASS">
          <reporter-output>
          </reporter-output>
        </test-method> <!-- test -->
        <test-method is-config="true" signature="tearDown()[pri:0, instance:tests.DBTest@6150c3ec]" started-at="2024-02-21T12:29:12 PKT" name="tearDown" finished-at="2024-02-21T12:29:12 PKT" duration-ms="0" status="PASS">
          <reporter-output>
          </reporter-output>
        </test-method> <!-- tearDown -->
      </class> <!-- tests.DBTest -->
    </test> <!-- Default test -->
  </suite> <!-- Default suite -->
</testng-results>
