<?xml version="1.0" encoding="UTF-8"?>
<testng-results ignored="0" total="1" passed="1" failed="0" skipped="0">
  <reporter-output>
  </reporter-output>
  <suite started-at="2024-02-20T17:24:38 PKT" name="Default suite" finished-at="2024-02-20T17:24:38 PKT" duration-ms="359">
    <groups>
    </groups>
    <test started-at="2024-02-20T17:24:38 PKT" name="Default test" finished-at="2024-02-20T17:24:38 PKT" duration-ms="359">
      <class name="utils.DBManager">
        <test-method is-config="true" signature="setUp()[pri:0, instance:utils.DBManager@6150c3ec]" started-at="2024-02-20T17:24:38 PKT" name="setUp" finished-at="2024-02-20T17:24:38 PKT" duration-ms="264" status="PASS">
          <reporter-output>
          </reporter-output>
        </test-method> <!-- setUp -->
        <test-method signature="test()[pri:0, instance:utils.DBManager@6150c3ec]" started-at="2024-02-20T17:24:38 PKT" name="test" finished-at="2024-02-20T17:24:38 PKT" duration-ms="43" status="PASS">
          <reporter-output>
          </reporter-output>
        </test-method> <!-- test -->
        <test-method is-config="true" signature="tearDown()[pri:0, instance:utils.DBManager@6150c3ec]" started-at="2024-02-20T17:24:38 PKT" name="tearDown" finished-at="2024-02-20T17:24:38 PKT" duration-ms="1" status="PASS">
          <reporter-output>
          </reporter-output>
        </test-method> <!-- tearDown -->
      </class> <!-- utils.DBManager -->
    </test> <!-- Default test -->
  </suite> <!-- Default suite -->
</testng-results>
